This is pdfTeX, Version 3.1415926-1.40.10 (TeX Live 2009/Debian) (format=pdflatex 2011.11.8)  13 DEC 2011 19:02
entering extended mode
 %&-line parsing enabled.
**refman.tex
(./refman.tex
LaTeX2e <2009/09/24>
Babel <v3.8l> and hyphenation patterns for english, usenglishmax, dumylang, noh
yphenation, loaded.
(/usr/share/texmf-texlive/tex/latex/base/book.cls
Document Class: book 2007/10/19 v1.4h Standard LaTeX document class
(/usr/share/texmf-texlive/tex/latex/base/bk10.clo
File: bk10.clo 2007/10/19 v1.4h Standard LaTeX file (size option)
)
\c@part=\count79
\c@chapter=\count80
\c@section=\count81
\c@subsection=\count82
\c@subsubsection=\count83
\c@paragraph=\count84
\c@subparagraph=\count85
\c@figure=\count86
\c@table=\count87
\abovecaptionskip=\skip41
\belowcaptionskip=\skip42
\bibindent=\dimen102
)
(/usr/share/texmf-texlive/tex/latex/base/makeidx.sty
Package: makeidx 2000/03/29 v1.0m Standard LaTeX package
)
(/usr/share/texmf-texlive/tex/latex/graphics/graphicx.sty
Package: graphicx 1999/02/16 v1.0f Enhanced LaTeX Graphics (DPC,SPQR)

(/usr/share/texmf-texlive/tex/latex/graphics/keyval.sty
Package: keyval 1999/03/16 v1.13 key=value parser (DPC)
\KV@toks@=\toks14
)
(/usr/share/texmf-texlive/tex/latex/graphics/graphics.sty
Package: graphics 2009/02/05 v1.0o Standard LaTeX Graphics (DPC,SPQR)

(/usr/share/texmf-texlive/tex/latex/graphics/trig.sty
Package: trig 1999/03/16 v1.09 sin cos tan (DPC)
)
(/etc/texmf/tex/latex/config/graphics.cfg
File: graphics.cfg 2009/08/28 v1.8 graphics configuration of TeX Live
)
Package graphics Info: Driver file: pdftex.def on input line 91.

(/usr/share/texmf-texlive/tex/latex/pdftex-def/pdftex.def
File: pdftex.def 2010/03/12 v0.04p Graphics/color for pdfTeX
\Gread@gobject=\count88
))
\Gin@req@height=\dimen103
\Gin@req@width=\dimen104
)
(/usr/share/texmf-texlive/tex/latex/tools/multicol.sty
Package: multicol 2008/12/05 v1.6h multicolumn formatting (FMi)
\c@tracingmulticols=\count89
\mult@box=\box26
\multicol@leftmargin=\dimen105
\c@unbalance=\count90
\c@collectmore=\count91
\doublecol@number=\count92
\multicoltolerance=\count93
\multicolpretolerance=\count94
\full@width=\dimen106
\page@free=\dimen107
\premulticols=\dimen108
\postmulticols=\dimen109
\multicolsep=\skip43
\multicolbaselineskip=\skip44
\partial@page=\box27
\last@line=\box28
\mult@rightbox=\box29
\mult@grightbox=\box30
\mult@gfirstbox=\box31
\mult@firstbox=\box32
\@tempa=\box33
\@tempa=\box34
\@tempa=\box35
\@tempa=\box36
\@tempa=\box37
\@tempa=\box38
\@tempa=\box39
\@tempa=\box40
\@tempa=\box41
\@tempa=\box42
\@tempa=\box43
\@tempa=\box44
\@tempa=\box45
\@tempa=\box46
\@tempa=\box47
\@tempa=\box48
\@tempa=\box49
\c@columnbadness=\count95
\c@finalcolumnbadness=\count96
\last@try=\dimen110
\multicolovershoot=\dimen111
\multicolundershoot=\dimen112
\mult@nat@firstbox=\box50
\colbreak@box=\box51
)
(/usr/share/texmf-texlive/tex/latex/float/float.sty
Package: float 2001/11/08 v1.3d Float enhancements (AL)
\c@float@type=\count97
\float@exts=\toks15
\float@box=\box52
\@float@everytoks=\toks16
\@floatcapt=\box53
)
(/usr/share/texmf-texlive/tex/latex/listings/listings.sty
\lst@mode=\count98
\lst@gtempboxa=\box54
\lst@token=\toks17
\lst@length=\count99
\lst@currlwidth=\dimen113
\lst@column=\count100
\lst@pos=\count101
\lst@lostspace=\dimen114
\lst@width=\dimen115
\lst@newlines=\count102
\lst@lineno=\count103
\lst@maxwidth=\dimen116

(/usr/share/texmf-texlive/tex/latex/listings/lstmisc.sty
File: lstmisc.sty 2007/02/22 1.4 (Carsten Heinz)
\c@lstnumber=\count104
\lst@skipnumbers=\count105
\lst@framebox=\box55
)
(/usr/share/texmf-texlive/tex/latex/listings/listings.cfg
File: listings.cfg 2007/02/22 1.4 listings configuration
))
Package: listings 2007/02/22 1.4 (Carsten Heinz)

(/usr/share/texmf-texlive/tex/latex/graphics/color.sty
Package: color 2005/11/14 v1.0j Standard LaTeX Color (DPC)

(/etc/texmf/tex/latex/config/color.cfg
File: color.cfg 2007/01/18 v1.5 color configuration of teTeX/TeXLive
)
Package color Info: Driver file: pdftex.def on input line 130.
)
(/usr/share/texmf-texlive/tex/latex/base/ifthen.sty
Package: ifthen 2001/05/26 v1.1c Standard LaTeX ifthen package (DPC)
)
(/usr/share/texmf/tex/latex/xcolor/xcolor.sty
Package: xcolor 2007/01/21 v2.11 LaTeX color extensions (UK)

(/etc/texmf/tex/latex/config/color.cfg
File: color.cfg 2007/01/18 v1.5 color configuration of teTeX/TeXLive
)
Package xcolor Info: Driver file: pdftex.def on input line 225.

(/usr/share/texmf-texlive/tex/latex/colortbl/colortbl.sty
Package: colortbl 2001/02/13 v0.1j Color table columns (DPC)

(/usr/share/texmf-texlive/tex/latex/tools/array.sty
Package: array 2008/09/09 v2.4c Tabular extension package (FMi)
\col@sep=\dimen117
\extrarowheight=\dimen118
\NC@list=\toks18
\extratabsurround=\skip45
\backup@length=\skip46
)
\everycr=\toks19
\minrowclearance=\skip47
)
LaTeX Info: Redefining \color on input line 702.
\rownum=\count106
Package xcolor Info: Model `cmy' substituted by `cmy0' on input line 1337.
Package xcolor Info: Model `hsb' substituted by `rgb' on input line 1341.
Package xcolor Info: Model `RGB' extended on input line 1353.
Package xcolor Info: Model `HTML' substituted by `rgb' on input line 1355.
Package xcolor Info: Model `Hsb' substituted by `hsb' on input line 1356.
Package xcolor Info: Model `tHsb' substituted by `hsb' on input line 1357.
Package xcolor Info: Model `HSB' substituted by `hsb' on input line 1358.
Package xcolor Info: Model `Gray' substituted by `gray' on input line 1359.
Package xcolor Info: Model `wave' substituted by `hsb' on input line 1360.
)
(/usr/share/texmf-texlive/tex/latex/base/textcomp.sty
Package: textcomp 2005/09/27 v1.99g Standard LaTeX package
Package textcomp Info: Sub-encoding information:
(textcomp)               5 = only ISO-Adobe without \textcurrency
(textcomp)               4 = 5 + \texteuro
(textcomp)               3 = 4 + \textohm
(textcomp)               2 = 3 + \textestimated + \textcurrency
(textcomp)               1 = TS1 - \textcircled - \t
(textcomp)               0 = TS1 (full)
(textcomp)             Font families with sub-encoding setting implement
(textcomp)             only a restricted character set as indicated.
(textcomp)             Family '?' is the default used for unknown fonts.
(textcomp)             See the documentation for details.
Package textcomp Info: Setting ? sub-encoding to TS1/1 on input line 71.

(/usr/share/texmf-texlive/tex/latex/base/ts1enc.def
File: ts1enc.def 2001/06/05 v3.0e (jk/car/fm) Standard LaTeX file
)
LaTeX Info: Redefining \oldstylenums on input line 266.
Package textcomp Info: Setting cmr sub-encoding to TS1/0 on input line 281.
Package textcomp Info: Setting cmss sub-encoding to TS1/0 on input line 282.
Package textcomp Info: Setting cmtt sub-encoding to TS1/0 on input line 283.
Package textcomp Info: Setting cmvtt sub-encoding to TS1/0 on input line 284.
Package textcomp Info: Setting cmbr sub-encoding to TS1/0 on input line 285.
Package textcomp Info: Setting cmtl sub-encoding to TS1/0 on input line 286.
Package textcomp Info: Setting ccr sub-encoding to TS1/0 on input line 287.
Package textcomp Info: Setting ptm sub-encoding to TS1/4 on input line 288.
Package textcomp Info: Setting pcr sub-encoding to TS1/4 on input line 289.
Package textcomp Info: Setting phv sub-encoding to TS1/4 on input line 290.
Package textcomp Info: Setting ppl sub-encoding to TS1/3 on input line 291.
Package textcomp Info: Setting pag sub-encoding to TS1/4 on input line 292.
Package textcomp Info: Setting pbk sub-encoding to TS1/4 on input line 293.
Package textcomp Info: Setting pnc sub-encoding to TS1/4 on input line 294.
Package textcomp Info: Setting pzc sub-encoding to TS1/4 on input line 295.
Package textcomp Info: Setting bch sub-encoding to TS1/4 on input line 296.
Package textcomp Info: Setting put sub-encoding to TS1/5 on input line 297.
Package textcomp Info: Setting uag sub-encoding to TS1/5 on input line 298.
Package textcomp Info: Setting ugq sub-encoding to TS1/5 on input line 299.
Package textcomp Info: Setting ul8 sub-encoding to TS1/4 on input line 300.
Package textcomp Info: Setting ul9 sub-encoding to TS1/4 on input line 301.
Package textcomp Info: Setting augie sub-encoding to TS1/5 on input line 302.
Package textcomp Info: Setting dayrom sub-encoding to TS1/3 on input line 303.
Package textcomp Info: Setting dayroms sub-encoding to TS1/3 on input line 304.

Package textcomp Info: Setting pxr sub-encoding to TS1/0 on input line 305.
Package textcomp Info: Setting pxss sub-encoding to TS1/0 on input line 306.
Package textcomp Info: Setting pxtt sub-encoding to TS1/0 on input line 307.
Package textcomp Info: Setting txr sub-encoding to TS1/0 on input line 308.
Package textcomp Info: Setting txss sub-encoding to TS1/0 on input line 309.
Package textcomp Info: Setting txtt sub-encoding to TS1/0 on input line 310.
Package textcomp Info: Setting futs sub-encoding to TS1/4 on input line 311.
Package textcomp Info: Setting futx sub-encoding to TS1/4 on input line 312.
Package textcomp Info: Setting futj sub-encoding to TS1/4 on input line 313.
Package textcomp Info: Setting hlh sub-encoding to TS1/3 on input line 314.
Package textcomp Info: Setting hls sub-encoding to TS1/3 on input line 315.
Package textcomp Info: Setting hlst sub-encoding to TS1/3 on input line 316.
Package textcomp Info: Setting hlct sub-encoding to TS1/5 on input line 317.
Package textcomp Info: Setting hlx sub-encoding to TS1/5 on input line 318.
Package textcomp Info: Setting hlce sub-encoding to TS1/5 on input line 319.
Package textcomp Info: Setting hlcn sub-encoding to TS1/5 on input line 320.
Package textcomp Info: Setting hlcw sub-encoding to TS1/5 on input line 321.
Package textcomp Info: Setting hlcf sub-encoding to TS1/5 on input line 322.
Package textcomp Info: Setting pplx sub-encoding to TS1/3 on input line 323.
Package textcomp Info: Setting pplj sub-encoding to TS1/3 on input line 324.
Package textcomp Info: Setting ptmx sub-encoding to TS1/4 on input line 325.
Package textcomp Info: Setting ptmj sub-encoding to TS1/4 on input line 326.
)
(/usr/share/texmf-texlive/tex/latex/base/alltt.sty
Package: alltt 1997/06/16 v2.0g defines alltt environment
)
(/usr/share/texmf-texlive/tex/generic/oberdiek/ifpdf.sty
Package: ifpdf 2009/04/10 v2.0 Provides the ifpdf switch (HO)
Package ifpdf Info: pdfTeX in pdf mode detected.
)
(/usr/share/texmf-texlive/tex/latex/hyperref/hyperref.sty
Package: hyperref 2009/10/09 v6.79a Hypertext links for LaTeX

(/usr/share/texmf-texlive/tex/generic/oberdiek/ifvtex.sty
Package: ifvtex 2008/11/04 v1.4 Switches for detecting VTeX and its modes (HO)
Package ifvtex Info: VTeX not detected.
)
(/usr/share/texmf-texlive/tex/generic/ifxetex/ifxetex.sty
Package: ifxetex 2009/01/23 v0.5 Provides ifxetex conditional
)
(/usr/share/texmf-texlive/tex/latex/oberdiek/hycolor.sty
Package: hycolor 2009/10/02 v1.5 Code for color options of hyperref/bookmark (H
O)

(/usr/share/texmf-texlive/tex/latex/oberdiek/xcolor-patch.sty
Package: xcolor-patch 2009/10/02 xcolor patch
))
\@linkdim=\dimen119
\Hy@linkcounter=\count107
\Hy@pagecounter=\count108

(/usr/share/texmf-texlive/tex/latex/hyperref/pd1enc.def
File: pd1enc.def 2009/10/09 v6.79a Hyperref: PDFDocEncoding definition (HO)
)
(/usr/share/texmf-texlive/tex/generic/oberdiek/etexcmds.sty
Package: etexcmds 2007/12/12 v1.2 Prefix for e-TeX command names (HO)

(/usr/share/texmf-texlive/tex/generic/oberdiek/infwarerr.sty
Package: infwarerr 2007/09/09 v1.2 Providing info/warning/message (HO)
)
Package etexcmds Info: Could not find \expanded.
(etexcmds)             That can mean that you are not using pdfTeX 1.50 or
(etexcmds)             that some package has redefined \expanded.
(etexcmds)             In the latter case, load this package earlier.
)
(/usr/share/texmf-texlive/tex/latex/latexconfig/hyperref.cfg
File: hyperref.cfg 2002/06/06 v1.2 hyperref configuration of TeXLive
)
(/usr/share/texmf-texlive/tex/latex/oberdiek/kvoptions.sty
Package: kvoptions 2009/08/13 v3.4 Keyval support for LaTeX options (HO)

(/usr/share/texmf-texlive/tex/generic/oberdiek/kvsetkeys.sty
Package: kvsetkeys 2009/07/30 v1.5 Key value parser with default handler suppor
t (HO)
))
Package hyperref Info: Option `colorlinks' set `true' on input line 2864.
Package hyperref Info: Option `unicode' set `true' on input line 2864.

(/usr/share/texmf-texlive/tex/latex/hyperref/puenc.def
File: puenc.def 2009/10/09 v6.79a Hyperref: PDF Unicode definition (HO)
)
Package hyperref Info: Hyper figures OFF on input line 2975.
Package hyperref Info: Link nesting OFF on input line 2980.
Package hyperref Info: Hyper index ON on input line 2983.
Package hyperref Info: Plain pages OFF on input line 2990.
Package hyperref Info: Backreferencing ON on input line 2993.

Implicit mode ON; LaTeX internals redefined
Package hyperref Info: Bookmarks ON on input line 3191.
(/usr/share/texmf-texlive/tex/latex/hyperref/backref.sty
Package: backref 2006/09/05 v1.28 Bibliographical back referencing
)
(/usr/share/texmf-texlive/tex/latex/ltxmisc/url.sty
\Urlmuskip=\muskip10
Package: url 2006/04/12  ver 3.3  Verb mode for urls, etc.
)
LaTeX Info: Redefining \url on input line 3428.

(/usr/share/texmf-texlive/tex/generic/oberdiek/bitset.sty
Package: bitset 2007/09/28 v1.0 Data type bit set (HO)

(/usr/share/texmf-texlive/tex/generic/oberdiek/intcalc.sty
Package: intcalc 2007/09/27 v1.1 Expandable integer calculations (HO)
)
(/usr/share/texmf-texlive/tex/generic/oberdiek/bigintcalc.sty
Package: bigintcalc 2007/11/11 v1.1 Expandable big integer calculations (HO)

(/usr/share/texmf-texlive/tex/generic/oberdiek/pdftexcmds.sty
Package: pdftexcmds 2009/09/23 v0.6 LuaTeX support for pdfTeX utility functions
 (HO)

(/usr/share/texmf-texlive/tex/generic/oberdiek/ifluatex.sty
Package: ifluatex 2009/04/17 v1.2 Provides the ifluatex switch (HO)
Package ifluatex Info: LuaTeX not detected.
)
(/usr/share/texmf-texlive/tex/generic/oberdiek/ltxcmds.sty
Package: ltxcmds 2009/08/05 v1.0 Some LaTeX kernel commands for general use (HO
)
)
Package pdftexcmds Info: LuaTeX not detected.
Package pdftexcmds Info: \pdf@primitive is available.
Package pdftexcmds Info: \pdf@ifprimitive is available.
)))
\Fld@menulength=\count109
\Field@Width=\dimen120
\Fld@charsize=\dimen121
\Field@toks=\toks20
Package hyperref Info: Hyper figures OFF on input line 4377.
Package hyperref Info: Link nesting OFF on input line 4382.
Package hyperref Info: Hyper index ON on input line 4385.
Package hyperref Info: backreferencing ON on input line 4390.
Package hyperref Info: Link coloring ON on input line 4395.
Package hyperref Info: Link coloring with OCG OFF on input line 4402.
Package hyperref Info: PDF/A mode OFF on input line 4407.

(/usr/share/texmf-texlive/tex/generic/oberdiek/atbegshi.sty
Package: atbegshi 2008/07/31 v1.9 At begin shipout hook (HO)
)
\Hy@abspage=\count110
\c@Item=\count111
\c@Hfootnote=\count112
)
*hyperref using driver hpdftex*
(/usr/share/texmf-texlive/tex/latex/hyperref/hpdftex.def
File: hpdftex.def 2009/10/09 v6.79a Hyperref driver for pdfTeX
\Fld@listcount=\count113
)
(/usr/share/texmf-texlive/tex/latex/base/inputenc.sty
Package: inputenc 2008/03/30 v1.1d Input encoding file
\inpenc@prehook=\toks21
\inpenc@posthook=\toks22

(/usr/share/texmf-texlive/tex/latex/base/utf8.def
File: utf8.def 2008/04/05 v1.1m UTF-8 support for inputenc
Now handling font encoding OML ...
... no UTF-8 mapping file for font encoding OML
Now handling font encoding T1 ...
... processing UTF-8 mapping file for font encoding T1

(/usr/share/texmf-texlive/tex/latex/base/t1enc.dfu
File: t1enc.dfu 2008/04/05 v1.1m UTF-8 support for inputenc
   defining Unicode char U+00A1 (decimal 161)
   defining Unicode char U+00A3 (decimal 163)
   defining Unicode char U+00AB (decimal 171)
   defining Unicode char U+00BB (decimal 187)
   defining Unicode char U+00BF (decimal 191)
   defining Unicode char U+00C0 (decimal 192)
   defining Unicode char U+00C1 (decimal 193)
   defining Unicode char U+00C2 (decimal 194)
   defining Unicode char U+00C3 (decimal 195)
   defining Unicode char U+00C4 (decimal 196)
   defining Unicode char U+00C5 (decimal 197)
   defining Unicode char U+00C6 (decimal 198)
   defining Unicode char U+00C7 (decimal 199)
   defining Unicode char U+00C8 (decimal 200)
   defining Unicode char U+00C9 (decimal 201)
   defining Unicode char U+00CA (decimal 202)
   defining Unicode char U+00CB (decimal 203)
   defining Unicode char U+00CC (decimal 204)
   defining Unicode char U+00CD (decimal 205)
   defining Unicode char U+00CE (decimal 206)
   defining Unicode char U+00CF (decimal 207)
   defining Unicode char U+00D0 (decimal 208)
   defining Unicode char U+00D1 (decimal 209)
   defining Unicode char U+00D2 (decimal 210)
   defining Unicode char U+00D3 (decimal 211)
   defining Unicode char U+00D4 (decimal 212)
   defining Unicode char U+00D5 (decimal 213)
   defining Unicode char U+00D6 (decimal 214)
   defining Unicode char U+00D8 (decimal 216)
   defining Unicode char U+00D9 (decimal 217)
   defining Unicode char U+00DA (decimal 218)
   defining Unicode char U+00DB (decimal 219)
   defining Unicode char U+00DC (decimal 220)
   defining Unicode char U+00DD (decimal 221)
   defining Unicode char U+00DE (decimal 222)
   defining Unicode char U+00DF (decimal 223)
   defining Unicode char U+00E0 (decimal 224)
   defining Unicode char U+00E1 (decimal 225)
   defining Unicode char U+00E2 (decimal 226)
   defining Unicode char U+00E3 (decimal 227)
   defining Unicode char U+00E4 (decimal 228)
   defining Unicode char U+00E5 (decimal 229)
   defining Unicode char U+00E6 (decimal 230)
   defining Unicode char U+00E7 (decimal 231)
   defining Unicode char U+00E8 (decimal 232)
   defining Unicode char U+00E9 (decimal 233)
   defining Unicode char U+00EA (decimal 234)
   defining Unicode char U+00EB (decimal 235)
   defining Unicode char U+00EC (decimal 236)
   defining Unicode char U+00ED (decimal 237)
   defining Unicode char U+00EE (decimal 238)
   defining Unicode char U+00EF (decimal 239)
   defining Unicode char U+00F0 (decimal 240)
   defining Unicode char U+00F1 (decimal 241)
   defining Unicode char U+00F2 (decimal 242)
   defining Unicode char U+00F3 (decimal 243)
   defining Unicode char U+00F4 (decimal 244)
   defining Unicode char U+00F5 (decimal 245)
   defining Unicode char U+00F6 (decimal 246)
   defining Unicode char U+00F8 (decimal 248)
   defining Unicode char U+00F9 (decimal 249)
   defining Unicode char U+00FA (decimal 250)
   defining Unicode char U+00FB (decimal 251)
   defining Unicode char U+00FC (decimal 252)
   defining Unicode char U+00FD (decimal 253)
   defining Unicode char U+00FE (decimal 254)
   defining Unicode char U+00FF (decimal 255)
   defining Unicode char U+0102 (decimal 258)
   defining Unicode char U+0103 (decimal 259)
   defining Unicode char U+0104 (decimal 260)
   defining Unicode char U+0105 (decimal 261)
   defining Unicode char U+0106 (decimal 262)
   defining Unicode char U+0107 (decimal 263)
   defining Unicode char U+010C (decimal 268)
   defining Unicode char U+010D (decimal 269)
   defining Unicode char U+010E (decimal 270)
   defining Unicode char U+010F (decimal 271)
   defining Unicode char U+0110 (decimal 272)
   defining Unicode char U+0111 (decimal 273)
   defining Unicode char U+0118 (decimal 280)
   defining Unicode char U+0119 (decimal 281)
   defining Unicode char U+011A (decimal 282)
   defining Unicode char U+011B (decimal 283)
   defining Unicode char U+011E (decimal 286)
   defining Unicode char U+011F (decimal 287)
   defining Unicode char U+0130 (decimal 304)
   defining Unicode char U+0131 (decimal 305)
   defining Unicode char U+0132 (decimal 306)
   defining Unicode char U+0133 (decimal 307)
   defining Unicode char U+0139 (decimal 313)
   defining Unicode char U+013A (decimal 314)
   defining Unicode char U+013D (decimal 317)
   defining Unicode char U+013E (decimal 318)
   defining Unicode char U+0141 (decimal 321)
   defining Unicode char U+0142 (decimal 322)
   defining Unicode char U+0143 (decimal 323)
   defining Unicode char U+0144 (decimal 324)
   defining Unicode char U+0147 (decimal 327)
   defining Unicode char U+0148 (decimal 328)
   defining Unicode char U+014A (decimal 330)
   defining Unicode char U+014B (decimal 331)
   defining Unicode char U+0150 (decimal 336)
   defining Unicode char U+0151 (decimal 337)
   defining Unicode char U+0152 (decimal 338)
   defining Unicode char U+0153 (decimal 339)
   defining Unicode char U+0154 (decimal 340)
   defining Unicode char U+0155 (decimal 341)
   defining Unicode char U+0158 (decimal 344)
   defining Unicode char U+0159 (decimal 345)
   defining Unicode char U+015A (decimal 346)
   defining Unicode char U+015B (decimal 347)
   defining Unicode char U+015E (decimal 350)
   defining Unicode char U+015F (decimal 351)
   defining Unicode char U+0160 (decimal 352)
   defining Unicode char U+0161 (decimal 353)
   defining Unicode char U+0162 (decimal 354)
   defining Unicode char U+0163 (decimal 355)
   defining Unicode char U+0164 (decimal 356)
   defining Unicode char U+0165 (decimal 357)
   defining Unicode char U+016E (decimal 366)
   defining Unicode char U+016F (decimal 367)
   defining Unicode char U+0170 (decimal 368)
   defining Unicode char U+0171 (decimal 369)
   defining Unicode char U+0178 (decimal 376)
   defining Unicode char U+0179 (decimal 377)
   defining Unicode char U+017A (decimal 378)
   defining Unicode char U+017B (decimal 379)
   defining Unicode char U+017C (decimal 380)
   defining Unicode char U+017D (decimal 381)
   defining Unicode char U+017E (decimal 382)
   defining Unicode char U+200C (decimal 8204)
   defining Unicode char U+2013 (decimal 8211)
   defining Unicode char U+2014 (decimal 8212)
   defining Unicode char U+2018 (decimal 8216)
   defining Unicode char U+2019 (decimal 8217)
   defining Unicode char U+201A (decimal 8218)
   defining Unicode char U+201C (decimal 8220)
   defining Unicode char U+201D (decimal 8221)
   defining Unicode char U+201E (decimal 8222)
   defining Unicode char U+2030 (decimal 8240)
   defining Unicode char U+2031 (decimal 8241)
   defining Unicode char U+2039 (decimal 8249)
   defining Unicode char U+203A (decimal 8250)
   defining Unicode char U+2423 (decimal 9251)
)
Now handling font encoding OT1 ...
... processing UTF-8 mapping file for font encoding OT1

(/usr/share/texmf-texlive/tex/latex/base/ot1enc.dfu
File: ot1enc.dfu 2008/04/05 v1.1m UTF-8 support for inputenc
   defining Unicode char U+00A1 (decimal 161)
   defining Unicode char U+00A3 (decimal 163)
   defining Unicode char U+00B8 (decimal 184)
   defining Unicode char U+00BF (decimal 191)
   defining Unicode char U+00C5 (decimal 197)
   defining Unicode char U+00C6 (decimal 198)
   defining Unicode char U+00D8 (decimal 216)
   defining Unicode char U+00DF (decimal 223)
   defining Unicode char U+00E6 (decimal 230)
   defining Unicode char U+00EC (decimal 236)
   defining Unicode char U+00ED (decimal 237)
   defining Unicode char U+00EE (decimal 238)
   defining Unicode char U+00EF (decimal 239)
   defining Unicode char U+00F8 (decimal 248)
   defining Unicode char U+0131 (decimal 305)
   defining Unicode char U+0141 (decimal 321)
   defining Unicode char U+0142 (decimal 322)
   defining Unicode char U+0152 (decimal 338)
   defining Unicode char U+0153 (decimal 339)
   defining Unicode char U+2013 (decimal 8211)
   defining Unicode char U+2014 (decimal 8212)
   defining Unicode char U+2018 (decimal 8216)
   defining Unicode char U+2019 (decimal 8217)
   defining Unicode char U+201C (decimal 8220)
   defining Unicode char U+201D (decimal 8221)
)
Now handling font encoding OMS ...
... processing UTF-8 mapping file for font encoding OMS

(/usr/share/texmf-texlive/tex/latex/base/omsenc.dfu
File: omsenc.dfu 2008/04/05 v1.1m UTF-8 support for inputenc
   defining Unicode char U+00A7 (decimal 167)
   defining Unicode char U+00B6 (decimal 182)
   defining Unicode char U+00B7 (decimal 183)
   defining Unicode char U+2020 (decimal 8224)
   defining Unicode char U+2021 (decimal 8225)
   defining Unicode char U+2022 (decimal 8226)
)
Now handling font encoding OMX ...
... no UTF-8 mapping file for font encoding OMX
Now handling font encoding U ...
... no UTF-8 mapping file for font encoding U
Now handling font encoding TS1 ...
... processing UTF-8 mapping file for font encoding TS1

(/usr/share/texmf-texlive/tex/latex/base/ts1enc.dfu
File: ts1enc.dfu 2008/04/05 v1.1m UTF-8 support for inputenc
   defining Unicode char U+00A2 (decimal 162)
   defining Unicode char U+00A3 (decimal 163)
   defining Unicode char U+00A4 (decimal 164)
   defining Unicode char U+00A5 (decimal 165)
   defining Unicode char U+00A6 (decimal 166)
   defining Unicode char U+00A7 (decimal 167)
   defining Unicode char U+00A8 (decimal 168)
   defining Unicode char U+00A9 (decimal 169)
   defining Unicode char U+00AA (decimal 170)
   defining Unicode char U+00AC (decimal 172)
   defining Unicode char U+00AE (decimal 174)
   defining Unicode char U+00AF (decimal 175)
   defining Unicode char U+00B0 (decimal 176)
   defining Unicode char U+00B1 (decimal 177)
   defining Unicode char U+00B2 (decimal 178)
   defining Unicode char U+00B3 (decimal 179)
   defining Unicode char U+00B4 (decimal 180)
   defining Unicode char U+00B5 (decimal 181)
   defining Unicode char U+00B6 (decimal 182)
   defining Unicode char U+00B7 (decimal 183)
   defining Unicode char U+00B9 (decimal 185)
   defining Unicode char U+00BA (decimal 186)
   defining Unicode char U+00BC (decimal 188)
   defining Unicode char U+00BD (decimal 189)
   defining Unicode char U+00BE (decimal 190)
   defining Unicode char U+00D7 (decimal 215)
   defining Unicode char U+00F7 (decimal 247)
   defining Unicode char U+0192 (decimal 402)
   defining Unicode char U+02C7 (decimal 711)
   defining Unicode char U+02D8 (decimal 728)
   defining Unicode char U+02DD (decimal 733)
   defining Unicode char U+0E3F (decimal 3647)
   defining Unicode char U+2016 (decimal 8214)
   defining Unicode char U+2020 (decimal 8224)
   defining Unicode char U+2021 (decimal 8225)
   defining Unicode char U+2022 (decimal 8226)
   defining Unicode char U+2030 (decimal 8240)
   defining Unicode char U+2031 (decimal 8241)
   defining Unicode char U+203B (decimal 8251)
   defining Unicode char U+203D (decimal 8253)
   defining Unicode char U+2044 (decimal 8260)
   defining Unicode char U+204E (decimal 8270)
   defining Unicode char U+2052 (decimal 8274)
   defining Unicode char U+20A1 (decimal 8353)
   defining Unicode char U+20A4 (decimal 8356)
   defining Unicode char U+20A6 (decimal 8358)
   defining Unicode char U+20A9 (decimal 8361)
   defining Unicode char U+20AB (decimal 8363)
   defining Unicode char U+20AC (decimal 8364)
   defining Unicode char U+20B1 (decimal 8369)
   defining Unicode char U+2103 (decimal 8451)
   defining Unicode char U+2116 (decimal 8470)
   defining Unicode char U+2117 (decimal 8471)
   defining Unicode char U+211E (decimal 8478)
   defining Unicode char U+2120 (decimal 8480)
   defining Unicode char U+2122 (decimal 8482)
   defining Unicode char U+2126 (decimal 8486)
   defining Unicode char U+2127 (decimal 8487)
   defining Unicode char U+212E (decimal 8494)
   defining Unicode char U+2190 (decimal 8592)
   defining Unicode char U+2191 (decimal 8593)
   defining Unicode char U+2192 (decimal 8594)
   defining Unicode char U+2193 (decimal 8595)
   defining Unicode char U+2329 (decimal 9001)
   defining Unicode char U+232A (decimal 9002)
   defining Unicode char U+2422 (decimal 9250)
   defining Unicode char U+25E6 (decimal 9702)
   defining Unicode char U+25EF (decimal 9711)
   defining Unicode char U+266A (decimal 9834)
)
Now handling font encoding PD1 ...
... no UTF-8 mapping file for font encoding PD1
Now handling font encoding PU ...
... no UTF-8 mapping file for font encoding PU
   defining Unicode char U+00A9 (decimal 169)
   defining Unicode char U+00AA (decimal 170)
   defining Unicode char U+00AE (decimal 174)
   defining Unicode char U+00BA (decimal 186)
   defining Unicode char U+02C6 (decimal 710)
   defining Unicode char U+02DC (decimal 732)
   defining Unicode char U+200C (decimal 8204)
   defining Unicode char U+2026 (decimal 8230)
   defining Unicode char U+2122 (decimal 8482)
   defining Unicode char U+2423 (decimal 9251)
))
(/usr/share/texmf-texlive/tex/latex/psnfss/mathptmx.sty
Package: mathptmx 2005/04/12 PSNFSS-v9.2a Times w/ Math, improved (SPQR, WaS) 
LaTeX Font Info:    Redeclaring symbol font `operators' on input line 28.
LaTeX Font Info:    Overwriting symbol font `operators' in version `normal'
(Font)                  OT1/cmr/m/n --> OT1/ztmcm/m/n on input line 28.
LaTeX Font Info:    Overwriting symbol font `operators' in version `bold'
(Font)                  OT1/cmr/bx/n --> OT1/ztmcm/m/n on input line 28.
LaTeX Font Info:    Redeclaring symbol font `letters' on input line 29.
LaTeX Font Info:    Overwriting symbol font `letters' in version `normal'
(Font)                  OML/cmm/m/it --> OML/ztmcm/m/it on input line 29.
LaTeX Font Info:    Overwriting symbol font `letters' in version `bold'
(Font)                  OML/cmm/b/it --> OML/ztmcm/m/it on input line 29.
LaTeX Font Info:    Redeclaring symbol font `symbols' on input line 30.
LaTeX Font Info:    Overwriting symbol font `symbols' in version `normal'
(Font)                  OMS/cmsy/m/n --> OMS/ztmcm/m/n on input line 30.
LaTeX Font Info:    Overwriting symbol font `symbols' in version `bold'
(Font)                  OMS/cmsy/b/n --> OMS/ztmcm/m/n on input line 30.
LaTeX Font Info:    Redeclaring symbol font `largesymbols' on input line 31.
LaTeX Font Info:    Overwriting symbol font `largesymbols' in version `normal'
(Font)                  OMX/cmex/m/n --> OMX/ztmcm/m/n on input line 31.
LaTeX Font Info:    Overwriting symbol font `largesymbols' in version `bold'
(Font)                  OMX/cmex/m/n --> OMX/ztmcm/m/n on input line 31.
\symbold=\mathgroup4
\symitalic=\mathgroup5
LaTeX Font Info:    Redeclaring math alphabet \mathbf on input line 34.
LaTeX Font Info:    Overwriting math alphabet `\mathbf' in version `normal'
(Font)                  OT1/cmr/bx/n --> OT1/ptm/bx/n on input line 34.
LaTeX Font Info:    Overwriting math alphabet `\mathbf' in version `bold'
(Font)                  OT1/cmr/bx/n --> OT1/ptm/bx/n on input line 34.
LaTeX Font Info:    Redeclaring math alphabet \mathit on input line 35.
LaTeX Font Info:    Overwriting math alphabet `\mathit' in version `normal'
(Font)                  OT1/cmr/m/it --> OT1/ptm/m/it on input line 35.
LaTeX Font Info:    Overwriting math alphabet `\mathit' in version `bold'
(Font)                  OT1/cmr/bx/it --> OT1/ptm/m/it on input line 35.
LaTeX Info: Redefining \hbar on input line 50.
)
(/usr/share/texmf-texlive/tex/latex/psnfss/helvet.sty
Package: helvet 2005/04/12 PSNFSS-v9.2a (WaS) 
)
(/usr/share/texmf-texlive/tex/latex/psnfss/courier.sty
Package: courier 2005/04/12 PSNFSS-v9.2a (WaS) 
)
(/usr/share/texmf-texlive/tex/latex/sectsty/sectsty.sty
Package: sectsty 2002/02/25 v2.0.2 Commands to change all sectional heading sty
les
)
(/usr/share/texmf-texlive/tex/latex/tocloft/tocloft.sty
Package: tocloft 2009/09/04 v2.3d parameterised ToC, etc., typesetting


Package tocloft Note: The document has chapter divisions.

\cftparskip=\skip48
\cftbeforetoctitleskip=\skip49
\cftaftertoctitleskip=\skip50
\cftbeforepartskip=\skip51
\cftpartnumwidth=\skip52
\cftpartindent=\skip53
\cftbeforechapskip=\skip54
\cftchapindent=\skip55
\cftchapnumwidth=\skip56
\cftbeforesecskip=\skip57
\cftsecindent=\skip58
\cftsecnumwidth=\skip59
\cftbeforesubsecskip=\skip60
\cftsubsecindent=\skip61
\cftsubsecnumwidth=\skip62
\cftbeforesubsubsecskip=\skip63
\cftsubsubsecindent=\skip64
\cftsubsubsecnumwidth=\skip65
\cftbeforeparaskip=\skip66
\cftparaindent=\skip67
\cftparanumwidth=\skip68
\cftbeforesubparaskip=\skip69
\cftsubparaindent=\skip70
\cftsubparanumwidth=\skip71
\cftbeforeloftitleskip=\skip72
\cftafterloftitleskip=\skip73
\cftbeforefigskip=\skip74
\cftfigindent=\skip75
\cftfignumwidth=\skip76
\c@lofdepth=\count114
\c@lotdepth=\count115
\cftbeforelottitleskip=\skip77
\cftafterlottitleskip=\skip78
\cftbeforetabskip=\skip79
\cfttabindent=\skip80
\cfttabnumwidth=\skip81
) (./doxygen.sty
Package: doxygen 
 (/usr/share/texmf-texlive/tex/latex/tools/calc.sty
Package: calc 2007/08/22 v4.3 Infix arithmetic (KKT,FJ)
\calc@Acount=\count116
\calc@Bcount=\count117
\calc@Adimen=\dimen122
\calc@Bdimen=\dimen123
\calc@Askip=\skip82
\calc@Bskip=\skip83
LaTeX Info: Redefining \setlength on input line 76.
LaTeX Info: Redefining \addtolength on input line 77.
\calc@Ccount=\count118
\calc@Cskip=\skip84
)
(/usr/share/texmf-texlive/tex/latex/fancyhdr/fancyhdr.sty
\fancy@headwidth=\skip85
\f@ncyO@elh=\skip86
\f@ncyO@erh=\skip87
\f@ncyO@olh=\skip88
\f@ncyO@orh=\skip89
\f@ncyO@elf=\skip90
\f@ncyO@erf=\skip91
\f@ncyO@olf=\skip92
\f@ncyO@orf=\skip93
)
(/usr/share/texmf-texlive/tex/latex/tools/longtable.sty
Package: longtable 2004/02/01 v4.11 Multi-page Table package (DPC)
\LTleft=\skip94
\LTright=\skip95
\LTpre=\skip96
\LTpost=\skip97
\LTchunksize=\count119
\LTcapwidth=\dimen124
\LT@head=\box56
\LT@firsthead=\box57
\LT@foot=\box58
\LT@lastfoot=\box59
\LT@cols=\count120
\LT@rows=\count121
\c@LT@tables=\count122
\c@LT@chunks=\count123
\LT@p@ftn=\toks23
)
(/usr/share/texmf-texlive/tex/latex/tools/verbatim.sty
Package: verbatim 2003/08/22 v1.5q LaTeX2e package for verbatim enhancements
\every@verbatim=\toks24
\verbatim@line=\toks25
\verbatim@in@stream=\read1
)
\tmplength=\skip98

(/usr/share/texmf-texlive/tex/latex/base/fontenc.sty
Package: fontenc 2005/09/27 v1.99g Standard LaTeX package

(/usr/share/texmf-texlive/tex/latex/base/t1enc.def
File: t1enc.def 2005/09/27 v1.99g Standard LaTeX file
LaTeX Font Info:    Redeclaring font encoding T1 on input line 43.
)))
(/usr/share/texmf-texlive/tex/latex/listings/lstlang1.sty
File: lstlang1.sty 2004/09/05 1.3 listings language file
)
(/usr/share/texmf-texlive/tex/latex/listings/lstlang1.sty
File: lstlang1.sty 2004/09/05 1.3 listings language file
)
(/usr/share/texmf-texlive/tex/latex/listings/lstmisc.sty
File: lstmisc.sty 2007/02/22 1.4 (Carsten Heinz)
)
\@indexfile=\write3
\openout3 = `refman.idx'.


Writing index file refman.idx
(./refman.aux)
\openout1 = `refman.aux'.

LaTeX Font Info:    Checking defaults for OML/cmm/m/it on input line 41.
LaTeX Font Info:    ... okay on input line 41.
LaTeX Font Info:    Checking defaults for T1/cmr/m/n on input line 41.
LaTeX Font Info:    ... okay on input line 41.
LaTeX Font Info:    Checking defaults for OT1/cmr/m/n on input line 41.
LaTeX Font Info:    ... okay on input line 41.
LaTeX Font Info:    Checking defaults for OMS/cmsy/m/n on input line 41.
LaTeX Font Info:    ... okay on input line 41.
LaTeX Font Info:    Checking defaults for OMX/cmex/m/n on input line 41.
LaTeX Font Info:    ... okay on input line 41.
LaTeX Font Info:    Checking defaults for U/cmr/m/n on input line 41.
LaTeX Font Info:    ... okay on input line 41.
LaTeX Font Info:    Checking defaults for TS1/cmr/m/n on input line 41.
LaTeX Font Info:    Try loading font information for TS1+cmr on input line 41.
 (/usr/share/texmf-texlive/tex/latex/base/ts1cmr.fd
File: ts1cmr.fd 1999/05/25 v2.5h Standard LaTeX font definitions
)
LaTeX Font Info:    ... okay on input line 41.
LaTeX Font Info:    Checking defaults for PD1/pdf/m/n on input line 41.
LaTeX Font Info:    ... okay on input line 41.
LaTeX Font Info:    Checking defaults for PU/pdf/m/n on input line 41.
LaTeX Font Info:    ... okay on input line 41.
LaTeX Font Info:    Try loading font information for T1+phv on input line 41.

(/usr/share/texmf-texlive/tex/latex/psnfss/t1phv.fd
File: t1phv.fd 2001/06/04 scalable font definitions for T1/phv.
)
LaTeX Font Info:    Font shape `T1/phv/m/n' will be
(Font)              scaled to size 8.99994pt on input line 41.

(/usr/share/texmf-texlive/tex/context/base/supp-pdf.mkii
[Loading MPS to PDF converter (version 2006.09.02).]
\scratchcounter=\count124
\scratchdimen=\dimen125
\scratchbox=\box60
\nofMPsegments=\count125
\nofMParguments=\count126
\everyMPshowfont=\toks26
\MPscratchCnt=\count127
\MPscratchDim=\dimen126
\MPnumerator=\count128
\everyMPtoPDFconversion=\toks27
)
\c@lstlisting=\count129
Package hyperref Info: Link coloring ON on input line 41.
 (/usr/share/texmf-texlive/tex/latex/hyperref/nameref.sty
Package: nameref 2007/05/29 v2.31 Cross-referencing by name of section

(/usr/share/texmf-texlive/tex/latex/oberdiek/refcount.sty
Package: refcount 2008/08/11 v3.1 Data extraction from references (HO)
)
\c@section@level=\count130
)
LaTeX Info: Redefining \ref on input line 41.
LaTeX Info: Redefining \pageref on input line 41.
 (./refman.out)
(./refman.out)
\@outlinefile=\write4
\openout4 = `refman.out'.

\AtBeginShipoutBox=\box61
\big@size=\dimen127
Package hyperref Info: Option `pageanchor' set `false' on input line 42.
LaTeX Font Info:    Font shape `T1/phv/m/n' will be
(Font)              scaled to size 12.9599pt on input line 46.
LaTeX Font Info:    Font shape `T1/phv/m/n' will be
(Font)              scaled to size 10.79993pt on input line 46.
LaTeX Font Info:    Font shape `T1/phv/m/n' will be
(Font)              scaled to size 8.09995pt on input line 50.
 [1


{/var/lib/texmf/fonts/map/pdftex/updmap/pdftex.map}] [2

]
LaTeX Font Info:    Font shape `T1/phv/m/n' will be
(Font)              scaled to size 22.39185pt on input line 55.
LaTeX Font Info:    Font shape `T1/phv/bx/n' in size <24.88> not available
(Font)              Font shape `T1/phv/b/n' tried instead on input line 55.
LaTeX Font Info:    Font shape `T1/phv/b/n' will be
(Font)              scaled to size 22.39185pt on input line 55.
LaTeX Font Info:    Try loading font information for OT1+phv on input line 55.

(/usr/share/texmf-texlive/tex/latex/psnfss/ot1phv.fd
File: ot1phv.fd 2001/06/04 scalable font definitions for OT1/phv.
)
LaTeX Font Info:    Font shape `OT1/phv/bc/n' will be
(Font)              scaled to size 22.39185pt on input line 55.
 (./refman.toc
LaTeX Font Info:    Font shape `T1/phv/bx/n' in size <10> not available
(Font)              Font shape `T1/phv/b/n' tried instead on input line 1.
LaTeX Font Info:    Font shape `T1/phv/b/n' will be
(Font)              scaled to size 8.99994pt on input line 1.
LaTeX Font Info:    Try loading font information for OT1+ztmcm on input line 1.


(/usr/share/texmf-texlive/tex/latex/psnfss/ot1ztmcm.fd
File: ot1ztmcm.fd 2000/01/03 Fontinst v1.801 font definitions for OT1/ztmcm.
)
LaTeX Font Info:    Try loading font information for OML+ztmcm on input line 1.


(/usr/share/texmf-texlive/tex/latex/psnfss/omlztmcm.fd
File: omlztmcm.fd 2000/01/03 Fontinst v1.801 font definitions for OML/ztmcm.
)
LaTeX Font Info:    Try loading font information for OMS+ztmcm on input line 1.


(/usr/share/texmf-texlive/tex/latex/psnfss/omsztmcm.fd
File: omsztmcm.fd 2000/01/03 Fontinst v1.801 font definitions for OMS/ztmcm.
)
LaTeX Font Info:    Try loading font information for OMX+ztmcm on input line 1.


(/usr/share/texmf-texlive/tex/latex/psnfss/omxztmcm.fd
File: omxztmcm.fd 2000/01/03 Fontinst v1.801 font definitions for OMX/ztmcm.
)
LaTeX Font Info:    Try loading font information for OT1+ptm on input line 1.

(/usr/share/texmf-texlive/tex/latex/psnfss/ot1ptm.fd
File: ot1ptm.fd 2001/06/04 font definitions for OT1/ptm.
)
LaTeX Font Info:    Font shape `OT1/ptm/bx/n' in size <10> not available
(Font)              Font shape `OT1/ptm/b/n' tried instead on input line 1.
LaTeX Font Info:    Font shape `OT1/ptm/bx/n' in size <7.4> not available
(Font)              Font shape `OT1/ptm/b/n' tried instead on input line 1.
LaTeX Font Info:    Font shape `OT1/ptm/bx/n' in size <6> not available
(Font)              Font shape `OT1/ptm/b/n' tried instead on input line 1.
 [1

])
\tf@toc=\write5
\openout5 = `refman.toc'.

LaTeX Font Info:    Font shape `T1/phv/bx/n' in size <7> not available
(Font)              Font shape `T1/phv/b/n' tried instead on input line 56.
LaTeX Font Info:    Font shape `T1/phv/b/n' will be
(Font)              scaled to size 6.29996pt on input line 56.
 [2]
Package hyperref Info: Option `pageanchor' set `true' on input line 58.

Chapter 1.
LaTeX Font Info:    Font shape `T1/phv/m/n' will be
(Font)              scaled to size 18.66588pt on input line 59.
LaTeX Font Info:    Font shape `T1/phv/bx/n' in size <20.74> not available
(Font)              Font shape `T1/phv/b/n' tried instead on input line 59.
LaTeX Font Info:    Font shape `T1/phv/b/n' will be
(Font)              scaled to size 18.66588pt on input line 59.
LaTeX Font Info:    Font shape `OT1/phv/bc/n' will be
(Font)              scaled to size 18.66588pt on input line 59.
(./hierarchy.tex
LaTeX Font Info:    Font shape `T1/phv/bx/n' in size <14.4> not available
(Font)              Font shape `T1/phv/b/n' tried instead on input line 1.
LaTeX Font Info:    Font shape `T1/phv/b/n' will be
(Font)              scaled to size 12.9599pt on input line 1.
LaTeX Font Info:    Font shape `OT1/phv/bc/n' will be
(Font)              scaled to size 12.9599pt on input line 1.
) [1


] [2

]
Chapter 2.
(./annotated.tex
Overfull \hbox (3.05763pt too wide) in paragraph at lines 15--15
 [][] [][]\T1/phv/m/n/10 medpy.metric.Volume.Volume[][] (Com-putes dif-fer-ent 
vol-ume met-rics be-tween two 
 []

) [3] [4

]
Chapter 3.
(./classmedpy_1_1filter_1_1AnisotropicDiffusion_1_1AnisotropicDiffusion.tex
Overfull \hbox (10.58684pt too wide) in paragraph at lines 4--4
[]\OT1/phv/bc/n/14.4 medpy.filter.AnisotropicDiffusion.AnisotropicDiffusion Cla
ss Ref-
 []



pdfTeX warning: pdflatex (file ./classmedpy_1_1filter_1_1AnisotropicDiffusion_1
_1AnisotropicDiffusion__inherit__graph.pdf): PDF inclusion: found PDF version <
1.5>, but at most version <1.4> allowed

<classmedpy_1_1filter_1_1AnisotropicDiffusion_1_1AnisotropicDiffusion__inherit_
_graph.pdf, id=343, 329.23pt x 160.6pt>
File: classmedpy_1_1filter_1_1AnisotropicDiffusion_1_1AnisotropicDiffusion__inh
erit__graph.pdf Graphic file (type pdf)

<use classmedpy_1_1filter_1_1AnisotropicDiffusion_1_1AnisotropicDiffusion__inhe
rit__graph.pdf>

pdfTeX warning: pdflatex (file ./classmedpy_1_1filter_1_1AnisotropicDiffusion_1
_1AnisotropicDiffusion__coll__graph.pdf): PDF inclusion: found PDF version <1.5
>, but at most version <1.4> allowed

<classmedpy_1_1filter_1_1AnisotropicDiffusion_1_1AnisotropicDiffusion__coll__gr
aph.pdf, id=345, 329.23pt x 160.6pt>
File: classmedpy_1_1filter_1_1AnisotropicDiffusion_1_1AnisotropicDiffusion__col
l__graph.pdf Graphic file (type pdf)

<use classmedpy_1_1filter_1_1AnisotropicDiffusion_1_1AnisotropicDiffusion__coll
__graph.pdf>
Underfull \vbox (badness 10000) has occurred while \output is active []

 [5 <./classmedpy_1_1filter_1_1AnisotropicDiffusion_1_1AnisotropicDiffusion__in
herit__graph.pdf>]
LaTeX Font Info:    Font shape `T1/phv/bx/n' in size <12> not available
(Font)              Font shape `T1/phv/b/n' tried instead on input line 25.
LaTeX Font Info:    Font shape `T1/phv/b/n' will be
(Font)              scaled to size 10.79993pt on input line 25.
LaTeX Font Info:    Font shape `OT1/phv/bc/n' will be
(Font)              scaled to size 10.79993pt on input line 25.
LaTeX Font Info:    Try loading font information for TS1+phv on input line 28.
 (/usr/share/texmf-texlive/tex/latex/psnfss/ts1phv.fd
File: ts1phv.fd 2001/06/04 scalable font definitions for TS1/phv.
)
LaTeX Font Info:    Font shape `TS1/phv/m/n' will be
(Font)              scaled to size 8.99994pt on input line 28.
)
(./classmedpy_1_1core_1_1exceptions_1_1ArgumentError.tex

pdfTeX warning: pdflatex (file ./classmedpy_1_1core_1_1exceptions_1_1ArgumentEr
ror__inherit__graph.pdf): PDF inclusion: found PDF version <1.5>, but at most v
ersion <1.4> allowed

<classmedpy_1_1core_1_1exceptions_1_1ArgumentError__inherit__graph.pdf, id=358,
 264.99pt x 160.6pt>
File: classmedpy_1_1core_1_1exceptions_1_1ArgumentError__inherit__graph.pdf Gra
phic file (type pdf)

<use classmedpy_1_1core_1_1exceptions_1_1ArgumentError__inherit__graph.pdf>
Underfull \vbox (badness 1701) has occurred while \output is active []

 [6 <./classmedpy_1_1filter_1_1AnisotropicDiffusion_1_1AnisotropicDiffusion__co
ll__graph.pdf>]

pdfTeX warning: pdflatex (file ./classmedpy_1_1core_1_1exceptions_1_1ArgumentEr
ror__coll__graph.pdf): PDF inclusion: found PDF version <1.5>, but at most vers
ion <1.4> allowed

<classmedpy_1_1core_1_1exceptions_1_1ArgumentError__coll__graph.pdf, id=377, 26
4.99pt x 160.6pt>
File: classmedpy_1_1core_1_1exceptions_1_1ArgumentError__coll__graph.pdf Graphi
c file (type pdf)

<use classmedpy_1_1core_1_1exceptions_1_1ArgumentError__coll__graph.pdf>)
(./classException.tex

pdfTeX warning: pdflatex (file ./classException__inherit__graph.pdf): PDF inclu
sion: found PDF version <1.5>, but at most version <1.4> allowed
<classException__inherit__graph.pdf, id=379, 264.99pt x 160.6pt>
File: classException__inherit__graph.pdf Graphic file (type pdf)

<use classException__inherit__graph.pdf>
Underfull \vbox (badness 1895) has occurred while \output is active []

 [7 <./classmedpy_1_1core_1_1exceptions_1_1ArgumentError__inherit__graph.pdf> <
./classmedpy_1_1core_1_1exceptions_1_1ArgumentError__coll__graph.pdf>])
(./classmedpy_1_1core_1_1Logger_1_1Logger.tex

pdfTeX warning: pdflatex (file ./classmedpy_1_1core_1_1Logger_1_1Logger__inheri
t__graph.pdf): PDF inclusion: found PDF version <1.5>, but at most version <1.4
> allowed

<classmedpy_1_1core_1_1Logger_1_1Logger__inherit__graph.pdf, id=399, 212.795pt 
x 160.6pt>
File: classmedpy_1_1core_1_1Logger_1_1Logger__inherit__graph.pdf Graphic file (
type pdf)
 <use classmedpy_1_1core_1_1Logger_1_1Logger__inherit__graph.pdf>

pdfTeX warning: pdflatex (file ./classmedpy_1_1core_1_1Logger_1_1Logger__coll__
graph.pdf): PDF inclusion: found PDF version <1.5>, but at most version <1.4> a
llowed

<classmedpy_1_1core_1_1Logger_1_1Logger__coll__graph.pdf, id=401, 227.85126pt x
 174.6525pt>
File: classmedpy_1_1core_1_1Logger_1_1Logger__coll__graph.pdf Graphic file (typ
e pdf)
 <use classmedpy_1_1core_1_1Logger_1_1Logger__coll__graph.pdf>
Underfull \vbox (badness 1460) has occurred while \output is active []

 [8 <./classException__inherit__graph.pdf> <./classmedpy_1_1core_1_1Logger_1_1L
ogger__inherit__graph.pdf>]
LaTeX Font Info:    Font shape `T1/phv/m/it' in size <9> not available
(Font)              Font shape `T1/phv/m/sl' tried instead on input line 34.
LaTeX Font Info:    Font shape `T1/phv/m/sl' will be
(Font)              scaled to size 8.09995pt on input line 34.
 [9 <./classmedpy_1_1core_1_1Logger_1_1Logger__coll__graph.pdf>]
LaTeX Font Info:    Font shape `OT1/phv/bc/n' will be
(Font)              scaled to size 8.99994pt on input line 89.
LaTeX Font Info:    Font shape `OT1/phv/bc/it' in size <10> not available
(Font)              Font shape `OT1/phv/bc/sl' tried instead on input line 89.
LaTeX Font Info:    Font shape `OT1/phv/bc/sl' will be
(Font)              scaled to size 8.99994pt on input line 89.
) (./classmedpy_1_1core_1_1Logger_1_1Logger_1_1LoggerHelper.tex

pdfTeX warning: pdflatex (file ./classmedpy_1_1core_1_1Logger_1_1Logger_1_1Logg
erHelper__inherit__graph.pdf): PDF inclusion: found PDF version <1.5>, but at m
ost version <1.4> allowed

<classmedpy_1_1core_1_1Logger_1_1Logger_1_1LoggerHelper__inherit__graph.pdf, id
=448, 273.02pt x 160.6pt>
File: classmedpy_1_1core_1_1Logger_1_1Logger_1_1LoggerHelper__inherit__graph.pd
f Graphic file (type pdf)

<use classmedpy_1_1core_1_1Logger_1_1Logger_1_1LoggerHelper__inherit__graph.pdf
>

pdfTeX warning: pdflatex (file ./classmedpy_1_1core_1_1Logger_1_1Logger_1_1Logg
erHelper__coll__graph.pdf): PDF inclusion: found PDF version <1.5>, but at most
 version <1.4> allowed

<classmedpy_1_1core_1_1Logger_1_1Logger_1_1LoggerHelper__coll__graph.pdf, id=45
0, 273.02pt x 160.6pt>
File: classmedpy_1_1core_1_1Logger_1_1Logger_1_1LoggerHelper__coll__graph.pdf G
raphic file (type pdf)

<use classmedpy_1_1core_1_1Logger_1_1Logger_1_1LoggerHelper__coll__graph.pdf>
Underfull \vbox (badness 10000) has occurred while \output is active []

 [10 <./classmedpy_1_1core_1_1Logger_1_1Logger_1_1LoggerHelper__inherit__graph.
pdf>])
(./classNativeLogger.tex

pdfTeX warning: pdflatex (file ./classNativeLogger__inherit__graph.pdf): PDF in
clusion: found PDF version <1.5>, but at most version <1.4> allowed
<classNativeLogger__inherit__graph.pdf, id=464, 212.795pt x 160.6pt>
File: classNativeLogger__inherit__graph.pdf Graphic file (type pdf)

<use classNativeLogger__inherit__graph.pdf>
Underfull \vbox (badness 10000) has occurred while \output is active []

 [11 <./classmedpy_1_1core_1_1Logger_1_1Logger_1_1LoggerHelper__coll__graph.pdf
>])
(./classobject.tex

pdfTeX warning: pdflatex (file ./classobject__inherit__graph.pdf): PDF inclusio
n: found PDF version <1.5>, but at most version <1.4> allowed
<classobject__inherit__graph.pdf, id=479, 411.5375pt x 262.9825pt>
File: classobject__inherit__graph.pdf Graphic file (type pdf)

<use classobject__inherit__graph.pdf>
Overfull \hbox (55.0pt too wide) in paragraph at lines 11--13
 [] 
 []


Underfull \vbox (badness 10000) has occurred while \output is active []

 [12 <./classNativeLogger__inherit__graph.pdf>])
(./classmedpy_1_1metric_1_1Surface_1_1Surface.tex

pdfTeX warning: pdflatex (file ./classmedpy_1_1metric_1_1Surface_1_1Surface__in
herit__graph.pdf): PDF inclusion: found PDF version <1.5>, but at most version 
<1.4> allowed

<classmedpy_1_1metric_1_1Surface_1_1Surface__inherit__graph.pdf, id=492, 228.85
5pt x 160.6pt>
File: classmedpy_1_1metric_1_1Surface_1_1Surface__inherit__graph.pdf Graphic fi
le (type pdf)

<use classmedpy_1_1metric_1_1Surface_1_1Surface__inherit__graph.pdf>
Underfull \vbox (badness 10000) has occurred while \output is active []

 [13 <./classobject__inherit__graph.pdf>]

pdfTeX warning: pdflatex (file ./classmedpy_1_1metric_1_1Surface_1_1Surface__co
ll__graph.pdf): PDF inclusion: found PDF version <1.5>, but at most version <1.
4> allowed

<classmedpy_1_1metric_1_1Surface_1_1Surface__coll__graph.pdf, id=505, 228.855pt
 x 160.6pt>
File: classmedpy_1_1metric_1_1Surface_1_1Surface__coll__graph.pdf Graphic file 
(type pdf)
 <use classmedpy_1_1metric_1_1Surface_1_1Surface__coll__graph.pdf>
[14 <./classmedpy_1_1metric_1_1Surface_1_1Surface__inherit__graph.pdf> <./class
medpy_1_1metric_1_1Surface_1_1Surface__coll__graph.pdf>]
LaTeX Font Info:    Font shape `T1/phv/m/n' will be
(Font)              scaled to size 7.19995pt on input line 92.
LaTeX Font Info:    Try loading font information for T1+pcr on input line 92.

(/usr/share/texmf-texlive/tex/latex/psnfss/t1pcr.fd
File: t1pcr.fd 2001/06/04 font definitions for T1/pcr.
)
LaTeX Font Info:    Try loading font information for OT1+pcr on input line 112.


(/usr/share/texmf-texlive/tex/latex/psnfss/ot1pcr.fd
File: ot1pcr.fd 2001/06/04 font definitions for OT1/pcr.
)

LaTeX Font Warning: Font shape `OT1/pcr/bc/it' undefined
(Font)              using `OT1/pcr/m/n' instead on input line 112.

[15]
LaTeX Font Info:    Font shape `T1/phv/m/it' in size <10> not available
(Font)              Font shape `T1/phv/m/sl' tried instead on input line 120.
LaTeX Font Info:    Font shape `T1/phv/m/sl' will be
(Font)              scaled to size 8.99994pt on input line 120.

Overfull \hbox (21.88861pt too wide) in alignment at lines 119--130
 [] [] 
 []


Underfull \vbox (badness 10000) detected at line 130
 []


Overfull \hbox (21.88861pt too wide) in alignment at lines 154--157
 [] [] 
 []


Underfull \vbox (badness 10000) detected at line 157
 []

[16] [17] [18]) (./classunittest_1_1TestCase.tex

pdfTeX warning: pdflatex (file ./classunittest_1_1TestCase__inherit__graph.pdf)
: PDF inclusion: found PDF version <1.5>, but at most version <1.4> allowed

<classunittest_1_1TestCase__inherit__graph.pdf, id=578, 443.6575pt x 182.6825pt
>
File: classunittest_1_1TestCase__inherit__graph.pdf Graphic file (type pdf)
 <use classunittest_1_1TestCase__inherit__graph.pdf>
Overfull \hbox (55.0pt too wide) in paragraph at lines 11--13
 [] 
 []

)
(./classmedpy_1_1tests_1_1filter_1_1AnisotropicDiffusion_1_1TestSurfaceClass.te
x
Overfull \hbox (5.01451pt too wide) in paragraph at lines 4--4
[]\OT1/phv/bc/n/14.4 medpy.tests.filter.AnisotropicDiffusion.TestSurfaceClass C
lass
 []



pdfTeX warning: pdflatex (file ./classmedpy_1_1tests_1_1filter_1_1AnisotropicDi
ffusion_1_1TestSurfaceClass__inherit__graph.pdf): PDF inclusion: found PDF vers
ion <1.5>, but at most version <1.4> allowed

<classmedpy_1_1tests_1_1filter_1_1AnisotropicDiffusion_1_1TestSurfaceClass__inh
erit__graph.pdf, id=580, 345.29pt x 160.6pt>
File: classmedpy_1_1tests_1_1filter_1_1AnisotropicDiffusion_1_1TestSurfaceClass
__inherit__graph.pdf Graphic file (type pdf)

<use classmedpy_1_1tests_1_1filter_1_1AnisotropicDiffusion_1_1TestSurfaceClass_
_inherit__graph.pdf>
Underfull \vbox (badness 1540) has occurred while \output is active []

 [19 <./classunittest_1_1TestCase__inherit__graph.pdf>]

pdfTeX warning: pdflatex (file ./classmedpy_1_1tests_1_1filter_1_1AnisotropicDi
ffusion_1_1TestSurfaceClass__coll__graph.pdf): PDF inclusion: found PDF version
 <1.5>, but at most version <1.4> allowed

<classmedpy_1_1tests_1_1filter_1_1AnisotropicDiffusion_1_1TestSurfaceClass__col
l__graph.pdf, id=593, 345.29pt x 160.6pt>
File: classmedpy_1_1tests_1_1filter_1_1AnisotropicDiffusion_1_1TestSurfaceClass
__coll__graph.pdf Graphic file (type pdf)

<use classmedpy_1_1tests_1_1filter_1_1AnisotropicDiffusion_1_1TestSurfaceClass_
_coll__graph.pdf>
Overfull \hbox (14.37967pt too wide) in paragraph at lines 44--44
[]\T1/phv/m/n/10 /home/loli/Programming/Python/MedPy/src/medpy/tests/filter/Ani
sotropicDiffusion.py 
 []

[20 <./classmedpy_1_1tests_1_1filter_1_1AnisotropicDiffusion_1_1TestSurfaceClas
s__inherit__graph.pdf> <./classmedpy_1_1tests_1_1filter_1_1AnisotropicDiffusion
_1_1TestSurfaceClass__coll__graph.pdf>])
(./classmedpy_1_1tests_1_1metric_1_1Surface_1_1TestSurfaceClass.tex
Overfull \hbox (2.34535pt too wide) in paragraph at lines 4--4
[]\OT1/phv/bc/n/14.4 medpy.tests.metric.Surface.TestSurfaceClass Class Ref-er-e
nce 
 []



pdfTeX warning: pdflatex (file ./classmedpy_1_1tests_1_1metric_1_1Surface_1_1Te
stSurfaceClass__inherit__graph.pdf): PDF inclusion: found PDF version <1.5>, bu
t at most version <1.4> allowed

<classmedpy_1_1tests_1_1metric_1_1Surface_1_1TestSurfaceClass__inherit__graph.p
df, id=615, 299.1175pt x 160.6pt>
File: classmedpy_1_1tests_1_1metric_1_1Surface_1_1TestSurfaceClass__inherit__gr
aph.pdf Graphic file (type pdf)

<use classmedpy_1_1tests_1_1metric_1_1Surface_1_1TestSurfaceClass__inherit__gra
ph.pdf>

pdfTeX warning: pdflatex (file ./classmedpy_1_1tests_1_1metric_1_1Surface_1_1Te
stSurfaceClass__coll__graph.pdf): PDF inclusion: found PDF version <1.5>, but a
t most version <1.4> allowed

<classmedpy_1_1tests_1_1metric_1_1Surface_1_1TestSurfaceClass__coll__graph.pdf,
 id=617, 299.1175pt x 160.6pt>
File: classmedpy_1_1tests_1_1metric_1_1Surface_1_1TestSurfaceClass__coll__graph
.pdf Graphic file (type pdf)

<use classmedpy_1_1tests_1_1metric_1_1Surface_1_1TestSurfaceClass__coll__graph.
pdf> [21 <./classmedpy_1_1tests_1_1metric_1_1Surface_1_1TestSurfaceClass__inher
it__graph.pdf> <./classmedpy_1_1tests_1_1metric_1_1Surface_1_1TestSurfaceClass_
_coll__graph.pdf>])
(./classmedpy_1_1tests_1_1metric_1_1Volume_1_1TestVolumeClass.tex

pdfTeX warning: pdflatex (file ./classmedpy_1_1tests_1_1metric_1_1Volume_1_1Tes
tVolumeClass__inherit__graph.pdf): PDF inclusion: found PDF version <1.5>, but 
at most version <1.4> allowed

<classmedpy_1_1tests_1_1metric_1_1Volume_1_1TestVolumeClass__inherit__graph.pdf
, id=645, 299.1175pt x 160.6pt>
File: classmedpy_1_1tests_1_1metric_1_1Volume_1_1TestVolumeClass__inherit__grap
h.pdf Graphic file (type pdf)

<use classmedpy_1_1tests_1_1metric_1_1Volume_1_1TestVolumeClass__inherit__graph
.pdf>

pdfTeX warning: pdflatex (file ./classmedpy_1_1tests_1_1metric_1_1Volume_1_1Tes
tVolumeClass__coll__graph.pdf): PDF inclusion: found PDF version <1.5>, but at 
most version <1.4> allowed

<classmedpy_1_1tests_1_1metric_1_1Volume_1_1TestVolumeClass__coll__graph.pdf, i
d=647, 299.1175pt x 174.6525pt>
File: classmedpy_1_1tests_1_1metric_1_1Volume_1_1TestVolumeClass__coll__graph.p
df Graphic file (type pdf)

<use classmedpy_1_1tests_1_1metric_1_1Volume_1_1TestVolumeClass__coll__graph.pd
f>
Underfull \vbox (badness 7963) has occurred while \output is active []

 [22 <./classmedpy_1_1tests_1_1metric_1_1Volume_1_1TestVolumeClass__inherit__gr
aph.pdf>]

LaTeX Font Warning: Font shape `OT1/pcr/bc/n' undefined
(Font)              using `OT1/pcr/m/n' instead on input line 68.

[23 <./classmedpy_1_1tests_1_1metric_1_1Volume_1_1TestVolumeClass__coll__graph.
pdf>]) (./classmedpy_1_1metric_1_1Volume_1_1Volume.tex

pdfTeX warning: pdflatex (file ./classmedpy_1_1metric_1_1Volume_1_1Volume__inhe
rit__graph.pdf): PDF inclusion: found PDF version <1.5>, but at most version <1
.4> allowed

<classmedpy_1_1metric_1_1Volume_1_1Volume__inherit__graph.pdf, id=687, 228.855p
t x 160.6pt>
File: classmedpy_1_1metric_1_1Volume_1_1Volume__inherit__graph.pdf Graphic file
 (type pdf)

<use classmedpy_1_1metric_1_1Volume_1_1Volume__inherit__graph.pdf>

pdfTeX warning: pdflatex (file ./classmedpy_1_1metric_1_1Volume_1_1Volume__coll
__graph.pdf): PDF inclusion: found PDF version <1.5>, but at most version <1.4>
 allowed

<classmedpy_1_1metric_1_1Volume_1_1Volume__coll__graph.pdf, id=689, 228.855pt x
 160.6pt>
File: classmedpy_1_1metric_1_1Volume_1_1Volume__coll__graph.pdf Graphic file (t
ype pdf)
 <use classmedpy_1_1metric_1_1Volume_1_1Volume__coll__graph.pdf>
Overfull \hbox (13.7413pt too wide) in paragraph at lines 36--36
[]\T1/phv/m/sl/9 Returns the rel-a-tive vol-ume dif-fer-ence be-tween two shape
s de-fined by the non-background
 []

[24 <./classmedpy_1_1metric_1_1Volume_1_1Volume__inherit__graph.pdf> <./classme
dpy_1_1metric_1_1Volume_1_1Volume__coll__graph.pdf>]
Overfull \hbox (6.88872pt too wide) in paragraph at lines 38--38
[]\T1/phv/m/sl/9 Returns the vol-u-met-ric over-lap er-ror be-tween two shapes 
de-fined by the non-background
 []

[25]
Overfull \hbox (21.88861pt too wide) in alignment at lines 150--159
 [] [] 
 []


Underfull \vbox (badness 10000) detected at line 159
 []


Overfull \hbox (10.01683pt too wide) in paragraph at lines 195--196
\T1/phv/m/n/10 Returns the rel-a-tive vol-ume dif-fer-ence be-tween two shapes 
de-fined by the non-background
 []

[26]
Overfull \hbox (2.40279pt too wide) in paragraph at lines 216--217
\T1/phv/m/n/10 Returns the vol-u-met-ric over-lap er-ror be-tween two shapes de
-fined by the non-background
 []

) (./classmedpy_1_1filter_1_1Watershed_1_1Watershed.tex

pdfTeX warning: pdflatex (file ./classmedpy_1_1filter_1_1Watershed_1_1Watershed
__inherit__graph.pdf): PDF inclusion: found PDF version <1.5>, but at most vers
ion <1.4> allowed

<classmedpy_1_1filter_1_1Watershed_1_1Watershed__inherit__graph.pdf, id=748, 24
8.93pt x 160.6pt>
File: classmedpy_1_1filter_1_1Watershed_1_1Watershed__inherit__graph.pdf Graphi
c file (type pdf)

<use classmedpy_1_1filter_1_1Watershed_1_1Watershed__inherit__graph.pdf>

pdfTeX warning: pdflatex (file ./classmedpy_1_1filter_1_1Watershed_1_1Watershed
__coll__graph.pdf): PDF inclusion: found PDF version <1.5>, but at most version
 <1.4> allowed

<classmedpy_1_1filter_1_1Watershed_1_1Watershed__coll__graph.pdf, id=750, 248.9
3pt x 160.6pt>
File: classmedpy_1_1filter_1_1Watershed_1_1Watershed__coll__graph.pdf Graphic f
ile (type pdf)

<use classmedpy_1_1filter_1_1Watershed_1_1Watershed__coll__graph.pdf> [27 <./cl
assmedpy_1_1filter_1_1Watershed_1_1Watershed__inherit__graph.pdf>])
(./refman.ind [28 <./classmedpy_1_1filter_1_1Watershed_1_1Watershed__coll__grap
h.pdf>]
Overfull \hbox (43.89929pt too wide) in paragraph at lines 9--11
[]| \T1/phv/m/n/10 medpy::tests::metric::Volume::TestVolumeClass,
 []


Overfull \hbox (25.92445pt too wide) in paragraph at lines 37--38
[]\T1/phv/m/n/10 GetRootMeanSquareSymmetricSurfaceDistance 
 []


Overfull \hbox (3.04845pt too wide) in paragraph at lines 44--45
[]\T1/phv/m/n/10 medpy::core::exceptions::ArgumentError, [][]6[][] 
 []


Overfull \hbox (10.35417pt too wide) in paragraph at lines 47--48
[]\T1/phv/m/n/10 medpy::core::Logger::Logger::LoggerHelper,
 []


Overfull \hbox (53.0677pt too wide) in paragraph at lines 48--50
[]\T1/phv/m/n/10 medpy::filter::AnisotropicDiffusion::AnisotropicDiffusion,
 []


Overfull \hbox (10.60022pt too wide) in paragraph at lines 55--56
[]| \T1/phv/m/n/10 GetAver-ageSym-met-ric-Sur-faceDis-tance,
 []


Overfull \hbox (16.66618pt too wide) in paragraph at lines 58--59
[]| \T1/phv/m/n/10 Get-Max-i-mum-Sym-met-ric-Sur-faceDis-tance,
 []


Overfull \hbox (26.9078pt too wide) in paragraph at lines 61--63
[]| \T1/phv/m/n/10 Get-Root-Mean-SquareSym-met-ric-Sur-faceDis-
 []


Overfull \hbox (67.22444pt too wide) in paragraph at lines 70--72
[]\T1/phv/m/n/10 medpy::tests::filter::AnisotropicDiffusion::TestSurfaceClass,
 []


Overfull \hbox (25.80716pt too wide) in paragraph at lines 72--74
[]\T1/phv/m/n/10 medpy::tests::metric::Surface::TestSurfaceClass,
 []


Overfull \hbox (23.89929pt too wide) in paragraph at lines 74--75
[]\T1/phv/m/n/10 medpy::tests::metric::Volume::TestVolumeClass,
 []

[29

]) (./refman.aux)

LaTeX Font Warning: Some font shapes were not available, defaults substituted.

 ) 
Here is how much of TeX's memory you used:
 9870 strings out of 495061
 151228 string characters out of 1182621
 234097 words of memory out of 3000000
 12587 multiletter control sequences out of 15000+50000
 68194 words of font info for 91 fonts, out of 3000000 for 9000
 28 hyphenation exceptions out of 8191
 41i,12n,58p,1084b,500s stack positions out of 5000i,500n,10000p,200000b,50000s
{/usr/share/texmf-texlive/fonts/enc/dvips/base/8r.enc}</usr/share/texmf-texli
ve/fonts/type1/public/amsfonts/cm/cmex10.pfb></usr/share/texmf-texlive/fonts/ty
pe1/public/amsfonts/cm/cmmi10.pfb></usr/share/texmf-texlive/fonts/type1/public/
amsfonts/cm/cmr10.pfb></usr/share/texmf-texlive/fonts/type1/public/amsfonts/cm/
cmsy10.pfb></usr/share/texmf-texlive/fonts/type1/urw/courier/ucrr8a.pfb></usr/s
hare/texmf-texlive/fonts/type1/urw/helvetic/uhvb8a.pfb></usr/share/texmf-texliv
e/fonts/type1/urw/helvetic/uhvb8ac.pfb></usr/share/texmf-texlive/fonts/type1/ur
w/helvetic/uhvbo8ac.pfb></usr/share/texmf-texlive/fonts/type1/urw/helvetic/uhvr
8a.pfb></usr/share/texmf-texlive/fonts/type1/urw/helvetic/uhvro8a.pfb></usr/sha
re/texmf-texlive/fonts/type1/urw/symbol/usyr.pfb></usr/share/texmf-texlive/font
s/type1/urw/times/utmr8a.pfb></usr/share/texmf-texlive/fonts/type1/urw/times/ut
mri8a.pfb>
Output written on refman.pdf (33 pages, 1097537 bytes).
PDF statistics:
 903 PDF objects out of 1000 (max. 8388607)
 178 named destinations out of 1000 (max. 500000)
 521 words of extra memory for PDF output out of 10000 (max. 10000000)

