\BOOKMARK [0][-]{chapter.1}{\376\377\000C\000l\000a\000s\000s\000\040\000I\000n\000d\000e\000x}{}
\BOOKMARK [1][-]{section.1.1}{\376\377\000C\000l\000a\000s\000s\000\040\000H\000i\000e\000r\000a\000r\000c\000h\000y}{chapter.1}
\BOOKMARK [0][-]{chapter.2}{\376\377\000C\000l\000a\000s\000s\000\040\000I\000n\000d\000e\000x}{}
\BOOKMARK [1][-]{section.2.1}{\376\377\000C\000l\000a\000s\000s\000\040\000L\000i\000s\000t}{chapter.2}
\BOOKMARK [0][-]{chapter.3}{\376\377\000C\000l\000a\000s\000s\000\040\000D\000o\000c\000u\000m\000e\000n\000t\000a\000t\000i\000o\000n}{}
\BOOKMARK [1][-]{section.3.1}{\376\377\000m\000e\000d\000p\000y\000.\000f\000i\000l\000t\000e\000r\000.\000A\000n\000i\000s\000o\000t\000r\000o\000p\000i\000c\000D\000i\000f\000f\000u\000s\000i\000o\000n\000.\000A\000n\000i\000s\000o\000t\000r\000o\000p\000i\000c\000D\000i\000f\000f\000u\000s\000i\000o\000n\000\040\000C\000l\000a\000s\000s\000\040\000R\000e\000f\000e\000r\000e\000n\000c\000e}{chapter.3}
\BOOKMARK [2][-]{subsection.3.1.1}{\376\377\000D\000e\000t\000a\000i\000l\000e\000d\000\040\000D\000e\000s\000c\000r\000i\000p\000t\000i\000o\000n}{section.3.1}
\BOOKMARK [1][-]{section.3.2}{\376\377\000m\000e\000d\000p\000y\000.\000c\000o\000r\000e\000.\000e\000x\000c\000e\000p\000t\000i\000o\000n\000s\000.\000A\000r\000g\000u\000m\000e\000n\000t\000E\000r\000r\000o\000r\000\040\000C\000l\000a\000s\000s\000\040\000R\000e\000f\000e\000r\000e\000n\000c\000e}{chapter.3}
\BOOKMARK [2][-]{subsection.3.2.1}{\376\377\000D\000e\000t\000a\000i\000l\000e\000d\000\040\000D\000e\000s\000c\000r\000i\000p\000t\000i\000o\000n}{section.3.2}
\BOOKMARK [1][-]{section.3.3}{\376\377\000E\000x\000c\000e\000p\000t\000i\000o\000n\000\040\000C\000l\000a\000s\000s\000\040\000R\000e\000f\000e\000r\000e\000n\000c\000e}{chapter.3}
\BOOKMARK [1][-]{section.3.4}{\376\377\000m\000e\000d\000p\000y\000.\000c\000o\000r\000e\000.\000L\000o\000g\000g\000e\000r\000.\000L\000o\000g\000g\000e\000r\000\040\000C\000l\000a\000s\000s\000\040\000R\000e\000f\000e\000r\000e\000n\000c\000e}{chapter.3}
\BOOKMARK [2][-]{subsection.3.4.1}{\376\377\000D\000e\000t\000a\000i\000l\000e\000d\000\040\000D\000e\000s\000c\000r\000i\000p\000t\000i\000o\000n}{section.3.4}
\BOOKMARK [2][-]{subsection.3.4.2}{\376\377\000M\000e\000m\000b\000e\000r\000\040\000F\000u\000n\000c\000t\000i\000o\000n\000\040\000D\000o\000c\000u\000m\000e\000n\000t\000a\000t\000i\000o\000n}{section.3.4}
\BOOKMARK [3][-]{subsubsection.3.4.2.1}{\376\377\000s\000e\000t\000H\000a\000n\000d\000l\000e\000r}{subsection.3.4.2}
\BOOKMARK [1][-]{section.3.5}{\376\377\000m\000e\000d\000p\000y\000.\000c\000o\000r\000e\000.\000L\000o\000g\000g\000e\000r\000.\000L\000o\000g\000g\000e\000r\000.\000L\000o\000g\000g\000e\000r\000H\000e\000l\000p\000e\000r\000\040\000C\000l\000a\000s\000s\000\040\000R\000e\000f\000e\000r\000e\000n\000c\000e}{chapter.3}
\BOOKMARK [2][-]{subsection.3.5.1}{\376\377\000D\000e\000t\000a\000i\000l\000e\000d\000\040\000D\000e\000s\000c\000r\000i\000p\000t\000i\000o\000n}{section.3.5}
\BOOKMARK [1][-]{section.3.6}{\376\377\000N\000a\000t\000i\000v\000e\000L\000o\000g\000g\000e\000r\000\040\000C\000l\000a\000s\000s\000\040\000R\000e\000f\000e\000r\000e\000n\000c\000e}{chapter.3}
\BOOKMARK [1][-]{section.3.7}{\376\377\000o\000b\000j\000e\000c\000t\000\040\000C\000l\000a\000s\000s\000\040\000R\000e\000f\000e\000r\000e\000n\000c\000e}{chapter.3}
\BOOKMARK [1][-]{section.3.8}{\376\377\000m\000e\000d\000p\000y\000.\000m\000e\000t\000r\000i\000c\000.\000S\000u\000r\000f\000a\000c\000e\000.\000S\000u\000r\000f\000a\000c\000e\000\040\000C\000l\000a\000s\000s\000\040\000R\000e\000f\000e\000r\000e\000n\000c\000e}{chapter.3}
\BOOKMARK [2][-]{subsection.3.8.1}{\376\377\000D\000e\000t\000a\000i\000l\000e\000d\000\040\000D\000e\000s\000c\000r\000i\000p\000t\000i\000o\000n}{section.3.8}
\BOOKMARK [2][-]{subsection.3.8.2}{\376\377\000C\000o\000n\000s\000t\000r\000u\000c\000t\000o\000r\000\040\000\046\000\040\000D\000e\000s\000t\000r\000u\000c\000t\000o\000r\000\040\000D\000o\000c\000u\000m\000e\000n\000t\000a\000t\000i\000o\000n}{section.3.8}
\BOOKMARK [3][-]{subsubsection.3.8.2.1}{\376\377\000\137\000\137\000i\000n\000i\000t\000\137\000\137}{subsection.3.8.2}
\BOOKMARK [2][-]{subsection.3.8.3}{\376\377\000M\000e\000m\000b\000e\000r\000\040\000F\000u\000n\000c\000t\000i\000o\000n\000\040\000D\000o\000c\000u\000m\000e\000n\000t\000a\000t\000i\000o\000n}{section.3.8}
\BOOKMARK [3][-]{subsubsection.3.8.3.1}{\376\377\000C\000o\000m\000p\000u\000t\000e\000C\000o\000n\000t\000o\000u\000r}{subsection.3.8.3}
\BOOKMARK [3][-]{subsubsection.3.8.3.2}{\376\377\000G\000e\000t\000A\000v\000e\000r\000a\000g\000e\000S\000y\000m\000m\000e\000t\000r\000i\000c\000S\000u\000r\000f\000a\000c\000e\000D\000i\000s\000t\000a\000n\000c\000e}{subsection.3.8.3}
\BOOKMARK [3][-]{subsubsection.3.8.3.3}{\376\377\000G\000e\000t\000M\000a\000s\000k\000E\000d\000g\000e\000P\000o\000i\000n\000t\000s}{subsection.3.8.3}
\BOOKMARK [3][-]{subsubsection.3.8.3.4}{\376\377\000G\000e\000t\000M\000a\000s\000k\000R\000e\000f\000e\000r\000e\000n\000c\000e\000N\000n}{subsection.3.8.3}
\BOOKMARK [3][-]{subsubsection.3.8.3.5}{\376\377\000G\000e\000t\000M\000a\000x\000i\000m\000u\000m\000S\000y\000m\000m\000e\000t\000r\000i\000c\000S\000u\000r\000f\000a\000c\000e\000D\000i\000s\000t\000a\000n\000c\000e}{subsection.3.8.3}
\BOOKMARK [3][-]{subsubsection.3.8.3.6}{\376\377\000G\000e\000t\000R\000e\000f\000e\000r\000e\000n\000c\000e\000E\000d\000g\000e\000P\000o\000i\000n\000t\000s}{subsection.3.8.3}
\BOOKMARK [3][-]{subsubsection.3.8.3.7}{\376\377\000G\000e\000t\000R\000e\000f\000e\000r\000e\000n\000c\000e\000M\000a\000s\000k\000N\000n}{subsection.3.8.3}
\BOOKMARK [3][-]{subsubsection.3.8.3.8}{\376\377\000G\000e\000t\000R\000o\000o\000t\000M\000e\000a\000n\000S\000q\000u\000a\000r\000e\000S\000y\000m\000m\000e\000t\000r\000i\000c\000S\000u\000r\000f\000a\000c\000e\000D\000i\000s\000t\000a\000n\000c\000e}{subsection.3.8.3}
\BOOKMARK [1][-]{section.3.9}{\376\377\000T\000e\000s\000t\000C\000a\000s\000e\000\040\000C\000l\000a\000s\000s\000\040\000R\000e\000f\000e\000r\000e\000n\000c\000e}{chapter.3}
\BOOKMARK [1][-]{section.3.10}{\376\377\000m\000e\000d\000p\000y\000.\000t\000e\000s\000t\000s\000.\000f\000i\000l\000t\000e\000r\000.\000A\000n\000i\000s\000o\000t\000r\000o\000p\000i\000c\000D\000i\000f\000f\000u\000s\000i\000o\000n\000.\000T\000e\000s\000t\000S\000u\000r\000f\000a\000c\000e\000C\000l\000a\000s\000s\000\040\000C\000l\000a\000s\000s\000\040\000R\000e\000f\000e\000r\000e\000n\000c\000e}{chapter.3}
\BOOKMARK [2][-]{subsection.3.10.1}{\376\377\000D\000e\000t\000a\000i\000l\000e\000d\000\040\000D\000e\000s\000c\000r\000i\000p\000t\000i\000o\000n}{section.3.10}
\BOOKMARK [1][-]{section.3.11}{\376\377\000m\000e\000d\000p\000y\000.\000t\000e\000s\000t\000s\000.\000m\000e\000t\000r\000i\000c\000.\000S\000u\000r\000f\000a\000c\000e\000.\000T\000e\000s\000t\000S\000u\000r\000f\000a\000c\000e\000C\000l\000a\000s\000s\000\040\000C\000l\000a\000s\000s\000\040\000R\000e\000f\000e\000r\000e\000n\000c\000e}{chapter.3}
\BOOKMARK [2][-]{subsection.3.11.1}{\376\377\000D\000e\000t\000a\000i\000l\000e\000d\000\040\000D\000e\000s\000c\000r\000i\000p\000t\000i\000o\000n}{section.3.11}
\BOOKMARK [1][-]{section.3.12}{\376\377\000m\000e\000d\000p\000y\000.\000t\000e\000s\000t\000s\000.\000m\000e\000t\000r\000i\000c\000.\000V\000o\000l\000u\000m\000e\000.\000T\000e\000s\000t\000V\000o\000l\000u\000m\000e\000C\000l\000a\000s\000s\000\040\000C\000l\000a\000s\000s\000\040\000R\000e\000f\000e\000r\000e\000n\000c\000e}{chapter.3}
\BOOKMARK [2][-]{subsection.3.12.1}{\376\377\000D\000e\000t\000a\000i\000l\000e\000d\000\040\000D\000e\000s\000c\000r\000i\000p\000t\000i\000o\000n}{section.3.12}
\BOOKMARK [2][-]{subsection.3.12.2}{\376\377\000M\000e\000m\000b\000e\000r\000\040\000F\000u\000n\000c\000t\000i\000o\000n\000\040\000D\000o\000c\000u\000m\000e\000n\000t\000a\000t\000i\000o\000n}{section.3.12}
\BOOKMARK [3][-]{subsubsection.3.12.2.1}{\376\377\000\137\000c\000r\000e\000a\000t\000e\000T\000e\000s\000t\000I\000m\000a\000g\000e\000s}{subsection.3.12.2}
\BOOKMARK [1][-]{section.3.13}{\376\377\000m\000e\000d\000p\000y\000.\000m\000e\000t\000r\000i\000c\000.\000V\000o\000l\000u\000m\000e\000.\000V\000o\000l\000u\000m\000e\000\040\000C\000l\000a\000s\000s\000\040\000R\000e\000f\000e\000r\000e\000n\000c\000e}{chapter.3}
\BOOKMARK [2][-]{subsection.3.13.1}{\376\377\000D\000e\000t\000a\000i\000l\000e\000d\000\040\000D\000e\000s\000c\000r\000i\000p\000t\000i\000o\000n}{section.3.13}
\BOOKMARK [2][-]{subsection.3.13.2}{\376\377\000C\000o\000n\000s\000t\000r\000u\000c\000t\000o\000r\000\040\000\046\000\040\000D\000e\000s\000t\000r\000u\000c\000t\000o\000r\000\040\000D\000o\000c\000u\000m\000e\000n\000t\000a\000t\000i\000o\000n}{section.3.13}
\BOOKMARK [3][-]{subsubsection.3.13.2.1}{\376\377\000\137\000\137\000i\000n\000i\000t\000\137\000\137}{subsection.3.13.2}
\BOOKMARK [2][-]{subsection.3.13.3}{\376\377\000M\000e\000m\000b\000e\000r\000\040\000F\000u\000n\000c\000t\000i\000o\000n\000\040\000D\000o\000c\000u\000m\000e\000n\000t\000a\000t\000i\000o\000n}{section.3.13}
\BOOKMARK [3][-]{subsubsection.3.13.3.1}{\376\377\000\137\000C\000o\000m\000p\000u\000t\000e\000I\000n\000t\000e\000r\000s\000e\000c\000t\000i\000o\000n\000W\000i\000n\000d\000o\000w}{subsection.3.13.3}
\BOOKMARK [3][-]{subsubsection.3.13.3.2}{\376\377\000G\000e\000t\000R\000e\000l\000a\000t\000i\000v\000e\000V\000o\000l\000u\000m\000e\000D\000i\000f\000f\000e\000r\000e\000n\000c\000e}{subsection.3.13.3}
\BOOKMARK [3][-]{subsubsection.3.13.3.3}{\376\377\000G\000e\000t\000V\000o\000l\000u\000m\000e\000t\000r\000i\000c\000O\000v\000e\000r\000l\000a\000p\000E\000r\000r\000o\000r}{subsection.3.13.3}
\BOOKMARK [1][-]{section.3.14}{\376\377\000m\000e\000d\000p\000y\000.\000f\000i\000l\000t\000e\000r\000.\000W\000a\000t\000e\000r\000s\000h\000e\000d\000.\000W\000a\000t\000e\000r\000s\000h\000e\000d\000\040\000C\000l\000a\000s\000s\000\040\000R\000e\000f\000e\000r\000e\000n\000c\000e}{chapter.3}
\BOOKMARK [2][-]{subsection.3.14.1}{\376\377\000D\000e\000t\000a\000i\000l\000e\000d\000\040\000D\000e\000s\000c\000r\000i\000p\000t\000i\000o\000n}{section.3.14}
